<?xml version="1.0" encoding="UTF-8"?>
<testsuite name="com.bmo.rest.controller.PersonControllerTest" time="0.821" tests="3" errors="0" skipped="0" failures="1">
  <properties>
[...]
</properties>
  <testcase name="searchAllTest" classname="com.bmo.rest.controller.PersonControllerTest" time="0.739"/>
  <testcase name="searchByFirstNameTest" classname="com.bmo.rest.controller.PersonControllerTest" time="0.058"/>
  <testcase name="searchByLastNameTest" classname="com.bmo.rest.controller.PersonControllerTest" time="0.024">
    <failure message="Status expected:&lt;200&gt; but was:&lt;404&gt;" type="java.lang.AssertionError"><![CDATA[java.lang.AssertionError: Status expected:<200> but was:<404>
	at org.springframework.test.util.AssertionErrors.fail(AssertionErrors.java:54)
	at org.springframework.test.util.AssertionErrors.assertEquals(AssertionErrors.java:81)
	at org.springframework.test.web.servlet.result.StatusResultMatchers$10.match(StatusResultMatchers.java:664)
	at org.springframework.test.web.servlet.MockMvc$1.andExpect(MockMvc.java:171)
	at com.bmo.rest.controller.PersonControllerTest.searchByLastNameTest(PersonControllerTest.java:51)
]]></failure>
    <system-out><![CDATA[2019-10-04 09:24:30.325  INFO 13996 --- [           main] o.s.b.t.m.w.SpringBootMockServletContext : Initializing Spring FrameworkServlet ''
2019-10-04 09:24:30.325  INFO 13996 --- [           main] o.s.t.web.servlet.TestDispatcherServlet  : FrameworkServlet '': initialization started
2019-10-04 09:24:30.329  INFO 13996 --- [           main] o.s.t.web.servlet.TestDispatcherServlet  : FrameworkServlet '': initialization completed in 4 ms
2019-10-04 09:24:30.335  WARN 13996 --- [           main] o.s.web.servlet.PageNotFound             : No mapping found for HTTP request with URI [persons/] in DispatcherServlet with name ''
]]></system-out>
  </testcase>
</testsuite>